<?xml version="1.0" encoding="UTF-8"?>
<!-- Generated by org.testng.reporters.JUnitReportReporter -->
<testsuite hostname="DESKTOP-0E89984" failures="0" tests="5" name="tests.SauceDemoTests" time="32.309" errors="0" timestamp="26 Feb 2023 22:58:09 GMT" skipped="0">
  <testcase classname="tests.SauceDemoTests" name="verifyLoginFunctionalityNegative" time="4.635"/>
  <testcase classname="tests.SauceDemoTests" name="verifyRemoveBtnOnCartFunctionality" time="5.303"/>
  <testcase classname="tests.SauceDemoTests" name="verifyAddToCartFunctionality" time="5.247"/>
  <testcase classname="tests.SauceDemoTests" name="loginWithInvalidPassword" time="4.949"/>
  <testcase classname="tests.SauceDemoTests" name="verifyCheckOutTotal" time="12.175"/>
</testsuite> <!-- tests.SauceDemoTests -->
