<?xml version="1.0" encoding="UTF-8"?>
<!-- Generated by org.testng.reporters.JUnitReportReporter -->
<testsuite hostname="DESKTOP-0E89984" failures="0" tests="3" name="tests.StoreAppTests" time="31.124" errors="0" timestamp="26 Feb 2023 22:58:09 GMT" skipped="0">
  <testcase classname="tests.StoreAppTests" name="verifyCreateAccount" time="10.951"/>
  <testcase classname="tests.StoreAppTests" name="verifyCreateAccount" time="9.720"/>
  <testcase classname="tests.StoreAppTests" name="verifyCreateAccount" time="10.453"/>
</testsuite> <!-- tests.StoreAppTests -->
